<?xml version="1.0" encoding="UTF-8"?>
<!-- Generated by org.testng.reporters.JUnitReportReporter -->
<testsuite hostname="DESKTOP-VGN6VUA" failures="0" tests="1" name="tests.MyLoadToDriverTest" time="50.928" errors="0" timestamp="2025-01-09T23:21:47 IST" skipped="0">
  <testcase classname="tests.MyLoadToDriverTest" name="VerifyiClientIsAbleToAssignMyLoadToBothclose" time="50.928"/>
  <system-out/>
</testsuite> <!-- tests.MyLoadToDriverTest -->
