<?xml version="1.0" encoding="UTF-8"?>
<!-- Generated by org.testng.reporters.JUnitReportReporter -->
<testsuite hostname="DESKTOP-VGN6VUA" failures="0" tests="4" name="tests.TrailerTest" time="36.657" errors="0" timestamp="2024-09-16T17:32:28 IST" skipped="1">
  <testcase classname="tests.TrailerTest" name="VerifyUserIsAbleToLogin" time="11.197"/>
  <system-out/>
  <testcase classname="tests.TrailerTest" name="VerifyUserIsAbleToAddTrailer" time="21.083"/>
  <system-out/>
  <testcase classname="tests.TrailerTest" name="AVerifyUserIsAbleToGoDasboard" time="4.377"/>
  <system-out/>
  <testcase classname="tests.TrailerTest" name="AVerifyUserIsAbleTUpdatedTrailer">
    <skipped/>
  </testcase> <!-- AVerifyUserIsAbleTUpdatedTrailer -->
  <system-out/>
</testsuite> <!-- tests.TrailerTest -->
