<?xml version="1.0" encoding="UTF-8"?>
<!-- Generated by org.testng.reporters.JUnitReportReporter -->
<testsuite hostname="DESKTOP-VGN6VUA" failures="0" tests="1" name="tests.MyLoadTest" time="39.641" errors="0" timestamp="2025-01-09T23:08:08 IST" skipped="0">
  <testcase classname="tests.MyLoadTest" name="VerifyiClientIsAbleToAssignMyLoadToVendor" time="39.641"/>
  <system-out/>
</testsuite> <!-- tests.MyLoadTest -->
