<?xml version="1.0" encoding="UTF-8"?>
<!-- Generated by org.testng.reporters.JUnitReportReporter -->
<testsuite hostname="DESKTOP-VGN6VUA" failures="0" tests="10" name="tests.AllMasters" time="83.175" errors="0" timestamp="2025-01-11T14:25:25 IST" skipped="0">
  <testcase classname="tests.AllMasters" name="VerifyUserIsAbleToAddDriver" time="24.700"/>
  <system-out/>
  <testcase classname="tests.AllMasters" name="DashboardDriverList" time="2.241"/>
  <system-out/>
  <testcase classname="tests.AllMasters" name="VerifyUserIsAbleToAddTruck" time="14.974"/>
  <system-out/>
  <testcase classname="tests.AllMasters" name="DashboardTruckList" time="2.810"/>
  <system-out/>
  <testcase classname="tests.AllMasters" name="VerifyUserIsAbleToAddTrailer" time="13.881"/>
  <system-out/>
  <testcase classname="tests.AllMasters" name="DashboardTrailerList" time="2.890"/>
  <system-out/>
  <testcase classname="tests.AllMasters" name="VerifyUserIsAbleToAddCustomer" time="9.172"/>
  <system-out/>
  <testcase classname="tests.AllMasters" name="DashboardCustomerList" time="2.811"/>
  <system-out/>
  <testcase classname="tests.AllMasters" name="VerifyUserIsAbleToAddVendor" time="6.925"/>
  <system-out/>
  <testcase classname="tests.AllMasters" name="DashboardVendorList" time="2.771"/>
  <system-out/>
</testsuite> <!-- tests.AllMasters -->
