<?xml version="1.0" encoding="UTF-8"?>
<!-- Generated by org.testng.reporters.JUnitReportReporter -->
<testsuite hostname="DESKTOP-VGN6VUA" failures="0" tests="10" name="tests.AllMasters" time="79.982" errors="0" timestamp="2025-02-04T18:50:54 IST" skipped="0">
  <testcase classname="tests.AllMasters" name="VerifyUserIsAbleToAddDriver" time="23.550"/>
  <system-out/>
  <testcase classname="tests.AllMasters" name="DashboardDriverList" time="2.152"/>
  <system-out/>
  <testcase classname="tests.AllMasters" name="VerifyUserIsAbleToAddTruck" time="14.221"/>
  <system-out/>
  <testcase classname="tests.AllMasters" name="DashboardTruckList" time="2.588"/>
  <system-out/>
  <testcase classname="tests.AllMasters" name="VerifyUserIsAbleToAddTrailer" time="13.268"/>
  <system-out/>
  <testcase classname="tests.AllMasters" name="DashboardTrailerList" time="2.581"/>
  <system-out/>
  <testcase classname="tests.AllMasters" name="VerifyUserIsAbleToAddCustomer" time="9.725"/>
  <system-out/>
  <testcase classname="tests.AllMasters" name="DashboardCustomerList" time="2.608"/>
  <system-out/>
  <testcase classname="tests.AllMasters" name="VerifyUserIsAbleToAddVendor" time="6.688"/>
  <system-out/>
  <testcase classname="tests.AllMasters" name="DashboardVendorList" time="2.601"/>
  <system-out/>
</testsuite> <!-- tests.AllMasters -->
