<?xml version="1.0" encoding="UTF-8"?>
<!-- Generated by org.testng.reporters.JUnitReportReporter -->
<testsuite hostname="DESKTOP-VGN6VUA" failures="0" tests="3" name="tests.CloseLoadScenariosTest" time="157.214" errors="0" timestamp="2025-01-11T14:53:57 IST" skipped="0">
  <testcase classname="tests.CloseLoadScenariosTest" name="VerifyiClientIsAbleToCloseMyLoadToDriver" time="49.549"/>
  <system-out/>
  <testcase classname="tests.CloseLoadScenariosTest" name="VerifyiClientIsAbleToCloseMyLoadToBoth" time="55.314"/>
  <system-out/>
  <testcase classname="tests.CloseLoadScenariosTest" name="VerifyiClientIsAbleToCloseMyLoadOfVendor" time="52.351"/>
  <system-out/>
</testsuite> <!-- tests.CloseLoadScenariosTest -->
