<?xml version="1.0" encoding="UTF-8"?>
<!-- Generated by org.testng.reporters.JUnitReportReporter -->
<testsuite hostname="DESKTOP-VGN6VUA" failures="0" tests="1" name="tests.CreateLoadTest" time="40.055" errors="0" timestamp="2025-01-11T14:42:14 IST" skipped="0">
  <testcase classname="tests.CreateLoadTest" name="VerifyiClientIsAbleToAssignCustomerLoadToVendor" time="40.055"/>
  <system-out/>
</testsuite> <!-- tests.CreateLoadTest -->
