<?xml version="1.0" encoding="UTF-8"?>
<!-- Generated by org.testng.reporters.JUnitReportReporter -->
<testsuite hostname="DESKTOP-VGN6VUA" failures="0" tests="1" name="tests.ImportAllMastersTest" time="9.167" errors="0" timestamp="2025-01-10T00:15:00 IST" skipped="0">
  <testcase classname="tests.ImportAllMastersTest" name="VerifyUserIsAbleToImportDriver" time="9.167"/>
  <system-out/>
</testsuite> <!-- tests.ImportAllMastersTest -->
