<?xml version="1.0" encoding="UTF-8"?>
<!-- Generated by org.testng.reporters.JUnitReportReporter -->
<testsuite hostname="DESKTOP-VGN6VUA" failures="0" tests="10" name="tests.AllTestCases" time="13.690" errors="1" timestamp="2024-07-09T11:41:05 IST" skipped="9">
  <testcase classname="tests.AllTestCases" name="setup" time="13.689">
    <error type="java.lang.ExceptionInInitializerError">
      <![CDATA[java.lang.ExceptionInInitializerError
at tests.AllTestCases.setup(AllTestCases.java:31)
at java.base/jdk.internal.reflect.DirectMethodHandleAccessor.invoke(DirectMethodHandleAccessor.java:103)
at java.base/java.lang.reflect.Method.invoke(Method.java:580)
at org.testng.internal.invokers.MethodInvocationHelper.invokeMethod(MethodInvocationHelper.java:135)
at org.testng.internal.invokers.MethodInvocationHelper.invokeMethodConsideringTimeout(MethodInvocationHelper.java:65)
at org.testng.internal.invokers.ConfigInvoker.invokeConfigurationMethod(ConfigInvoker.java:381)
at org.testng.internal.invokers.ConfigInvoker.invokeConfigurations(ConfigInvoker.java:319)
at org.testng.internal.invokers.TestMethodWorker.invokeBeforeClassMethods(TestMethodWorker.java:178)
at org.testng.internal.invokers.TestMethodWorker.run(TestMethodWorker.java:122)
at java.base/java.util.ArrayList.forEach(ArrayList.java:1596)
at org.testng.TestRunner.privateRun(TestRunner.java:808)
at org.testng.TestRunner.run(TestRunner.java:603)
at org.testng.SuiteRunner.runTest(SuiteRunner.java:429)
at org.testng.SuiteRunner.runSequentially(SuiteRunner.java:423)
at org.testng.SuiteRunner.privateRun(SuiteRunner.java:383)
at org.testng.SuiteRunner.run(SuiteRunner.java:326)
at org.testng.SuiteRunnerWorker.runSuite(SuiteRunnerWorker.java:52)
at org.testng.SuiteRunnerWorker.run(SuiteRunnerWorker.java:95)
at org.testng.TestNG.runSuitesSequentially(TestNG.java:1249)
at org.testng.TestNG.runSuitesLocally(TestNG.java:1169)
at org.testng.TestNG.runSuites(TestNG.java:1092)
at org.testng.TestNG.run(TestNG.java:1060)
at org.testng.remote.AbstractRemoteTestNG.run(AbstractRemoteTestNG.java:115)
at org.testng.remote.RemoteTestNG.initAndRun(RemoteTestNG.java:251)
at org.testng.remote.RemoteTestNG.main(RemoteTestNG.java:77)
Caused by: java.lang.NullPointerException: Cannot invoke "org.json.simple.JSONObject.get(Object)" because "jsonObject" is null
at jsonHelper.json.getTestDataString(json.java:72)
at web.testdata.Login.<clinit>(Login.java:9)
... 25 more
]]>
    </error>
  </testcase> <!-- setup -->
  <system-out/>
  <testcase classname="tests.AllTestCases" name="VerifyUserIsAbleToAddClient" time="0.000">
    <skipped/>
  </testcase> <!-- VerifyUserIsAbleToAddClient -->
  <system-out/>
  <testcase classname="tests.AllTestCases" name="VerifyUserIsAbleToFilterClient" time="0.000">
    <skipped/>
  </testcase> <!-- VerifyUserIsAbleToFilterClient -->
  <system-out/>
  <testcase classname="tests.AllTestCases" name="VerifyUserIsAbleToUpdateClient" time="0.000">
    <skipped/>
  </testcase> <!-- VerifyUserIsAbleToUpdateClient -->
  <system-out/>
  <testcase classname="tests.AllTestCases" name="VerifyUserIsAbleToAddProject" time="0.000">
    <skipped/>
  </testcase> <!-- VerifyUserIsAbleToAddProject -->
  <system-out/>
  <testcase classname="tests.AllTestCases" name="VerifyUserIsAbleToFilterProject" time="0.000">
    <skipped/>
  </testcase> <!-- VerifyUserIsAbleToFilterProject -->
  <system-out/>
  <testcase classname="tests.AllTestCases" name="VerifyUserIsAbleToUpdateProject" time="0.000">
    <skipped/>
  </testcase> <!-- VerifyUserIsAbleToUpdateProject -->
  <system-out/>
  <testcase classname="tests.AllTestCases" name="VerifyUserIsAbleToAddUser" time="0.000">
    <skipped/>
  </testcase> <!-- VerifyUserIsAbleToAddUser -->
  <system-out/>
  <testcase classname="tests.AllTestCases" name="VerifyUserIsAbleToFilterUser" time="0.001">
    <skipped/>
  </testcase> <!-- VerifyUserIsAbleToFilterUser -->
  <system-out/>
  <testcase classname="tests.AllTestCases" name="VerifyUserIsAbleToUpdateUser" time="0.000">
    <skipped/>
  </testcase> <!-- VerifyUserIsAbleToUpdateUser -->
  <system-out/>
</testsuite> <!-- tests.AllTestCases -->
