<?xml version="1.0" encoding="UTF-8"?>
<!-- Generated by org.testng.reporters.JUnitReportReporter -->
<testsuite hostname="DESKTOP-VGN6VUA" failures="0" tests="4" name="tests.VendorTest" time="29.480" errors="0" timestamp="2024-09-16T17:15:28 IST" skipped="1">
  <testcase classname="tests.VendorTest" name="VerifyUserIsAbleToLogin" time="10.187"/>
  <system-out/>
  <testcase classname="tests.VendorTest" name="VerifyUserIsAbleToAddVendor" time="14.667"/>
  <system-out/>
  <testcase classname="tests.VendorTest" name="DashboardVendorList" time="4.626"/>
  <system-out/>
  <testcase classname="tests.VendorTest" name="VerifyUserIsAbleToUpdateVendor">
    <skipped/>
  </testcase> <!-- VerifyUserIsAbleToUpdateVendor -->
  <system-out/>
</testsuite> <!-- tests.VendorTest -->
