<?xml version="1.0" encoding="UTF-8"?>
<!-- Generated by org.testng.reporters.JUnitReportReporter -->
<testsuite hostname="DESKTOP-VGN6VUA" failures="0" tests="10" name="tests.AllMasters" time="81.469" errors="0" timestamp="2025-02-04T19:46:42 IST" skipped="0">
  <testcase classname="tests.AllMasters" name="VerifyUserIsAbleToAddDriver" time="24.162"/>
  <system-out/>
  <testcase classname="tests.AllMasters" name="DashboardDriverList" time="2.157"/>
  <system-out/>
  <testcase classname="tests.AllMasters" name="VerifyUserIsAbleToAddTruck" time="14.804"/>
  <system-out/>
  <testcase classname="tests.AllMasters" name="DashboardTruckList" time="2.638"/>
  <system-out/>
  <testcase classname="tests.AllMasters" name="VerifyUserIsAbleToAddTrailer" time="13.299"/>
  <system-out/>
  <testcase classname="tests.AllMasters" name="DashboardTrailerList" time="2.572"/>
  <system-out/>
  <testcase classname="tests.AllMasters" name="VerifyUserIsAbleToAddCustomer" time="9.853"/>
  <system-out/>
  <testcase classname="tests.AllMasters" name="DashboardCustomerList" time="2.672"/>
  <system-out/>
  <testcase classname="tests.AllMasters" name="VerifyUserIsAbleToAddVendor" time="6.737"/>
  <system-out/>
  <testcase classname="tests.AllMasters" name="DashboardVendorList" time="2.575"/>
  <system-out/>
</testsuite> <!-- tests.AllMasters -->
