<?xml version="1.0" encoding="UTF-8"?>
<!-- Generated by org.testng.reporters.JUnitReportReporter -->
<testsuite hostname="DESKTOP-VGN6VUA" failures="0" tests="8" name="tests.UserTest" time="96.895" errors="0" timestamp="2025-01-10T22:20:26 IST" skipped="1">
  <testcase classname="tests.UserTest" name="AVerifyUserIsAbleToLogin" time="25.439"/>
  <system-out/>
  <testcase classname="tests.UserTest" name="BVerifyUserIsAbleToAddManager" time="16.333"/>
  <system-out/>
  <testcase classname="tests.UserTest" name="CVerifyUserIsAbleToUploadDocument" time="9.345"/>
  <system-out/>
  <testcase classname="tests.UserTest" name="DVerifyUserIsAbleToAddMasterSetting" time="10.603"/>
  <system-out/>
  <testcase classname="tests.UserTest" name="EVerifyUserIsAbleToTaxClass" time="9.706"/>
  <system-out/>
  <testcase classname="tests.UserTest" name="FVerifyAdminLogin" time="12.465"/>
  <system-out/>
  <testcase classname="tests.UserTest" name="GVerifyIfAdminIsAbleToApproveClient" time="13.004"/>
  <system-out/>
  <testcase classname="tests.UserTest" name="AVerifyUserIsAbleToLoginn">
    <skipped/>
  </testcase> <!-- AVerifyUserIsAbleToLoginn -->
  <system-out/>
</testsuite> <!-- tests.UserTest -->
