<?xml version="1.0" encoding="UTF-8"?>
<!-- Generated by org.testng.reporters.JUnitReportReporter -->
<testsuite hostname="DESKTOP-VGN6VUA" failures="0" tests="7" name="tests.CustomerLoadTest" time="35.647" errors="0" timestamp="2025-01-09T22:32:35 IST" skipped="5">
  <testcase classname="tests.CustomerLoadTest" name="VerifyUserIsAbleToLogin" time="6.496"/>
  <system-out/>
  <testcase classname="tests.CustomerLoadTest" name="loadByDropdown" time="29.151"/>
  <system-out/>
  <testcase classname="tests.CustomerLoadTest" name="VerifyUserIsAbleToAddCustomerLoadInfo">
    <skipped/>
  </testcase> <!-- VerifyUserIsAbleToAddCustomerLoadInfo -->
  <system-out/>
  <testcase classname="tests.CustomerLoadTest" name="dispatchLoadToDriver">
    <skipped/>
  </testcase> <!-- dispatchLoadToDriver -->
  <system-out/>
  <testcase classname="tests.CustomerLoadTest" name="VerifyUserIsAbleToAddCustomerOrderInfo">
    <skipped/>
  </testcase> <!-- VerifyUserIsAbleToAddCustomerOrderInfo -->
  <system-out/>
  <testcase classname="tests.CustomerLoadTest" name="VerifyUserIsAbleToAddCustomerInfo">
    <skipped/>
  </testcase> <!-- VerifyUserIsAbleToAddCustomerInfo -->
  <system-out/>
  <testcase classname="tests.CustomerLoadTest" name="assignLoadToVendor">
    <skipped/>
  </testcase> <!-- assignLoadToVendor -->
  <system-out/>
</testsuite> <!-- tests.CustomerLoadTest -->
