<?xml version="1.0" encoding="UTF-8"?>
<!-- Generated by org.testng.reporters.JUnitReportReporter -->
<testsuite hostname="DESKTOP-VGN6VUA" failures="1" tests="2" name="tests.ImportAllMastersTest" time="41.096" errors="0" timestamp="2025-01-29T18:54:48 IST" skipped="1">
  <testcase classname="tests.ImportAllMastersTest" name="setup" time="41.096">
    <failure message="Expected condition failed: waiting for visibility of element located by By.xpath: //input[@formcontrolname=&#039;email&#039;] (tried for 30 second(s) with 500 milliseconds interval)" type="java.lang.AssertionError">
      <![CDATA[java.lang.AssertionError: Expected condition failed: waiting for visibility of element located by By.xpath: //input[@formcontrolname='email'] (tried for 30 second(s) with 500 milliseconds interval)
at org.testng.Assert.fail(Assert.java:110)
at web.pages.BaseMethods.waitForElementVisibility(BaseMethods.java:152)
at web.pages.BaseMethods.enterData(BaseMethods.java:248)
at web.pages.LoginSignUPPage.userLoginn(LoginSignUPPage.java:84)
at tests.ImportAllMastersTest.setup(ImportAllMastersTest.java:28)
at java.base/jdk.internal.reflect.DirectMethodHandleAccessor.invoke(DirectMethodHandleAccessor.java:103)
at java.base/java.lang.reflect.Method.invoke(Method.java:580)
at org.testng.internal.invokers.MethodInvocationHelper.invokeMethod(MethodInvocationHelper.java:135)
at org.testng.internal.invokers.MethodInvocationHelper.invokeMethodConsideringTimeout(MethodInvocationHelper.java:65)
at org.testng.internal.invokers.ConfigInvoker.invokeConfigurationMethod(ConfigInvoker.java:381)
at org.testng.internal.invokers.ConfigInvoker.invokeConfigurations(ConfigInvoker.java:319)
at org.testng.internal.invokers.TestMethodWorker.invokeBeforeClassMethods(TestMethodWorker.java:178)
at org.testng.internal.invokers.TestMethodWorker.run(TestMethodWorker.java:122)
at java.base/java.util.ArrayList.forEach(ArrayList.java:1596)
at org.testng.TestRunner.privateRun(TestRunner.java:808)
at org.testng.TestRunner.run(TestRunner.java:603)
at org.testng.SuiteRunner.runTest(SuiteRunner.java:429)
at org.testng.SuiteRunner.runSequentially(SuiteRunner.java:423)
at org.testng.SuiteRunner.privateRun(SuiteRunner.java:383)
at org.testng.SuiteRunner.run(SuiteRunner.java:326)
at org.testng.SuiteRunnerWorker.runSuite(SuiteRunnerWorker.java:52)
at org.testng.SuiteRunnerWorker.run(SuiteRunnerWorker.java:95)
at org.testng.TestNG.runSuitesSequentially(TestNG.java:1249)
at org.testng.TestNG.runSuitesLocally(TestNG.java:1169)
at org.testng.TestNG.runSuites(TestNG.java:1092)
at org.testng.TestNG.run(TestNG.java:1060)
at org.apache.maven.surefire.testng.TestNGExecutor.run(TestNGExecutor.java:135)
at org.apache.maven.surefire.testng.TestNGDirectoryTestSuite.executeMulti(TestNGDirectoryTestSuite.java:193)
at org.apache.maven.surefire.testng.TestNGDirectoryTestSuite.execute(TestNGDirectoryTestSuite.java:94)
at org.apache.maven.surefire.testng.TestNGProvider.invoke(TestNGProvider.java:146)
at org.apache.maven.surefire.booter.ForkedBooter.invokeProviderInSameClassLoader(ForkedBooter.java:384)
at org.apache.maven.surefire.booter.ForkedBooter.runSuitesInProcess(ForkedBooter.java:345)
at org.apache.maven.surefire.booter.ForkedBooter.execute(ForkedBooter.java:126)
at org.apache.maven.surefire.booter.ForkedBooter.main(ForkedBooter.java:418)
]]>
    </failure>
  </testcase> <!-- setup -->
  <system-out/>
  <testcase classname="tests.ImportAllMastersTest" name="VerifyUserIsAbleToImportDriver" time="0.000">
    <skipped/>
  </testcase> <!-- VerifyUserIsAbleToImportDriver -->
  <system-out/>
</testsuite> <!-- tests.ImportAllMastersTest -->
